mobiliapp-barcode-scanner/android/build/intermediates/manifest_merge_blame_file/release/processReleaseManifest/manifest-merger-blame-release-report.txt
1<?xml version="1.0" encoding="utf-8"?>
2<manifest xmlns:android="http://schemas.android.com/apk/res/android"
3    package="com.mobiliapp.plugins.barcodescanner" >
4
5    <uses-sdk android:minSdkVersion="24" />
6
7    <uses-permission android:name="android.permission.CAMERA" />
7-->src\main\AndroidManifest.xml:4:5-64
7-->src\main\AndroidManifest.xml:4:22-62
8
9    <application android:theme="@style/AppTheme" >
9-->src\main\AndroidManifest.xml:6:5-12:19
9-->src\main\AndroidManifest.xml:7:9-40
10        <activity
10-->src\main\AndroidManifest.xml:8:9-10:39
11            android:name="com.mobiliapp.plugins.barcodescanner.ScannerActivity"
11-->src\main\AndroidManifest.xml:9:13-44
12            android:exported="false" />
12-->src\main\AndroidManifest.xml:10:13-37
13    </application>
14
15</manifest>